  png.c
  pngerror.c
  pngget.c
  pngmem.c
  pngpread.c
  pngread.c
  pngrio.c
  pngrtran.c
  pngrutil.c
  pngset.c
  pngtrans.c
  pngwio.c
  pngwrite.c
  pngwtran.c
  pngwutil.c
     Creating library C:\Users\Brian Kirkpatrick\Projects\SDL\libpng\projects\vstudio\Debug\libpng16.lib and object C:\Users\Brian Kirkpatrick\Projects\SDL\libpng\projects\vstudio\Debug\libpng16.exp
  Generating code
  Previous IPDB not found, fall back to full compilation.
C:\Users\Brian Kirkpatrick\Projects\SDL\libpng\pngwutil.c(235): warning C5045: Compiler will insert Spectre mitigation for memory load if /Qspectre switch specified
  C:\Users\Brian Kirkpatrick\Projects\SDL\libpng\pngwutil.c(211) : note: index 'h' range checked by comparison on this line
  C:\Users\Brian Kirkpatrick\Projects\SDL\libpng\pngwutil.c(235) : note: feeds call on this line
C:\Users\Brian Kirkpatrick\Projects\SDL\libpng\pngwutil.c(2248): warning C5045: Compiler will insert Spectre mitigation for memory load if /Qspectre switch specified
  C:\Users\Brian Kirkpatrick\Projects\SDL\libpng\pngwutil.c(2240) : note: index 'i' range checked by comparison on this line
  C:\Users\Brian Kirkpatrick\Projects\SDL\libpng\pngwutil.c(2248) : note: feeds call on this line
C:\Users\Brian Kirkpatrick\Projects\SDL\libpng\pngwrite.c(1674): warning C5045: Compiler will insert Spectre mitigation for memory load if /Qspectre switch specified
  C:\Users\Brian Kirkpatrick\Projects\SDL\libpng\pngwrite.c(1656) : note: index 'component' range checked by comparison on this line
  C:\Users\Brian Kirkpatrick\Projects\SDL\libpng\pngwrite.c(1674) : note: feeds call on this line
C:\Users\Brian Kirkpatrick\Projects\SDL\libpng\pngtrans.c(479): warning C5045: Compiler will insert Spectre mitigation for memory load if /Qspectre switch specified
  C:\Users\Brian Kirkpatrick\Projects\SDL\libpng\pngtrans.c(478) : note: index 'rp' range checked by comparison on this line
  C:\Users\Brian Kirkpatrick\Projects\SDL\libpng\pngtrans.c(479) : note: feeds memory load on this line
C:\Users\Brian Kirkpatrick\Projects\SDL\libpng\pngset.c(1368): warning C5045: Compiler will insert Spectre mitigation for memory load if /Qspectre switch specified
  C:\Users\Brian Kirkpatrick\Projects\SDL\libpng\pngset.c(1351) : note: index 'count' range checked by comparison on this line
  C:\Users\Brian Kirkpatrick\Projects\SDL\libpng\pngset.c(1368) : note: feeds call on this line
C:\Users\Brian Kirkpatrick\Projects\SDL\libpng\pngset.c(1357): warning C5045: Compiler will insert Spectre mitigation for memory load if /Qspectre switch specified
  C:\Users\Brian Kirkpatrick\Projects\SDL\libpng\pngset.c(1351) : note: index 'count' range checked by comparison on this line
  C:\Users\Brian Kirkpatrick\Projects\SDL\libpng\pngset.c(1357) : note: feeds call on this line
C:\Users\Brian Kirkpatrick\Projects\SDL\libpng\pngrtran.c(4364): warning C5045: Compiler will insert Spectre mitigation for memory load if /Qspectre switch specified
  C:\Users\Brian Kirkpatrick\Projects\SDL\libpng\pngrtran.c(4360) : note: index 'row_width' range checked by comparison on this line
  C:\Users\Brian Kirkpatrick\Projects\SDL\libpng\pngrtran.c(4364) : note: feeds memory load on this line
C:\Users\Brian Kirkpatrick\Projects\SDL\libpng\pngrtran.c(4123): warning C5045: Compiler will insert Spectre mitigation for memory load if /Qspectre switch specified
  C:\Users\Brian Kirkpatrick\Projects\SDL\libpng\pngrtran.c(4121) : note: index 'row_width' range checked by comparison on this line
  C:\Users\Brian Kirkpatrick\Projects\SDL\libpng\pngrtran.c(4123) : note: feeds memory load on this line
C:\Users\Brian Kirkpatrick\Projects\SDL\libpng\pngrtran.c(4338): warning C5045: Compiler will insert Spectre mitigation for memory load if /Qspectre switch specified
  C:\Users\Brian Kirkpatrick\Projects\SDL\libpng\pngrtran.c(4330) : note: index 'row_width' range checked by comparison on this line
  C:\Users\Brian Kirkpatrick\Projects\SDL\libpng\pngrtran.c(4338) : note: feeds memory load on this line
C:\Users\Brian Kirkpatrick\Projects\SDL\libpng\pngmem.c(95): warning C5045: Compiler will insert Spectre mitigation for memory load if /Qspectre switch specified
  C:\Users\Brian Kirkpatrick\Projects\SDL\libpng\pngmem.c(83) : note: index 'size' range checked by comparison on this line
  C:\Users\Brian Kirkpatrick\Projects\SDL\libpng\pngmem.c(95) : note: feeds call on this line
C:\Users\Brian Kirkpatrick\Projects\SDL\libpng\pngrtran.c(4064): warning C5045: Compiler will insert Spectre mitigation for memory load if /Qspectre switch specified
  C:\Users\Brian Kirkpatrick\Projects\SDL\libpng\pngrtran.c(4062) : note: index 'row_width' range checked by comparison on this line
  C:\Users\Brian Kirkpatrick\Projects\SDL\libpng\pngrtran.c(4064) : note: feeds memory load on this line
C:\Users\Brian Kirkpatrick\Projects\SDL\libpng\png.c(3494): warning C5045: Compiler will insert Spectre mitigation for memory load if /Qspectre switch specified
  C:\Users\Brian Kirkpatrick\Projects\SDL\libpng\png.c(3493) : note: index 'r' range checked by comparison on this line
  C:\Users\Brian Kirkpatrick\Projects\SDL\libpng\png.c(3494) : note: feeds call on this line
C:\Users\Brian Kirkpatrick\Projects\SDL\libpng\pngmem.c(91): warning C5045: Compiler will insert Spectre mitigation for memory load if /Qspectre switch specified
  C:\Users\Brian Kirkpatrick\Projects\SDL\libpng\pngmem.c(83) : note: index 'size' range checked by comparison on this line
  C:\Users\Brian Kirkpatrick\Projects\SDL\libpng\pngmem.c(91) : note: feeds call on this line
C:\Users\Brian Kirkpatrick\Projects\SDL\libpng\png.c(4343): warning C5045: Compiler will insert Spectre mitigation for memory load if /Qspectre switch specified
  C:\Users\Brian Kirkpatrick\Projects\SDL\libpng\png.c(4334) : note: index 'option' range checked by comparison on this line
  C:\Users\Brian Kirkpatrick\Projects\SDL\libpng\png.c(4343) : note: feeds call on this line
C:\Users\Brian Kirkpatrick\Projects\SDL\libpng\png.c(3894): warning C5045: Compiler will insert Spectre mitigation for memory load if /Qspectre switch specified
  C:\Users\Brian Kirkpatrick\Projects\SDL\libpng\png.c(3866) : note: index 'value' range checked by comparison on this line
  C:\Users\Brian Kirkpatrick\Projects\SDL\libpng\png.c(3894) : note: feeds call on this line
C:\Users\Brian Kirkpatrick\Projects\SDL\libpng\png.c(3554): warning C5045: Compiler will insert Spectre mitigation for memory load if /Qspectre switch specified
  C:\Users\Brian Kirkpatrick\Projects\SDL\libpng\png.c(3553) : note: index 'r' range checked by comparison on this line
  C:\Users\Brian Kirkpatrick\Projects\SDL\libpng\png.c(3554) : note: feeds call on this line
C:\Users\Brian Kirkpatrick\Projects\SDL\libpng\png.c(3529): warning C5045: Compiler will insert Spectre mitigation for memory load if /Qspectre switch specified
  C:\Users\Brian Kirkpatrick\Projects\SDL\libpng\png.c(3528) : note: index 'r' range checked by comparison on this line
  C:\Users\Brian Kirkpatrick\Projects\SDL\libpng\png.c(3529) : note: feeds call on this line
C:\Users\Brian Kirkpatrick\Projects\SDL\libpng\png.c(90): warning C5045: Compiler will insert Spectre mitigation for memory load if /Qspectre switch specified
  C:\Users\Brian Kirkpatrick\Projects\SDL\libpng\png.c(84) : note: index 'start' range checked by comparison on this line
  C:\Users\Brian Kirkpatrick\Projects\SDL\libpng\png.c(90) : note: feeds call on this line
C:\Users\Brian Kirkpatrick\Projects\SDL\libpng\png.c(173): warning C5045: Compiler will insert Spectre mitigation for memory load if /Qspectre switch specified
  C:\Users\Brian Kirkpatrick\Projects\SDL\libpng\png.c(161) : note: index 'length' range checked by comparison on this line
  C:\Users\Brian Kirkpatrick\Projects\SDL\libpng\png.c(173) : note: feeds call on this line
C:\Users\Brian Kirkpatrick\Projects\SDL\libpng\pngread.c(1396): warning C5045: Compiler will insert Spectre mitigation for memory load if /Qspectre switch specified
  C:\Users\Brian Kirkpatrick\Projects\SDL\libpng\pngread.c(1390) : note: index 'g' range checked by comparison on this line
  C:\Users\Brian Kirkpatrick\Projects\SDL\libpng\pngread.c(1396) : note: feeds call on this line
C:\Users\Brian Kirkpatrick\Projects\SDL\libpng\pngerror.c(251): warning C5045: Compiler will insert Spectre mitigation for memory load if /Qspectre switch specified
  C:\Users\Brian Kirkpatrick\Projects\SDL\libpng\pngerror.c(250) : note: index 'number' range checked by comparison on this line
  C:\Users\Brian Kirkpatrick\Projects\SDL\libpng\pngerror.c(251) : note: feeds call on this line
C:\Users\Brian Kirkpatrick\Projects\SDL\libpng\pngget.c(339): warning C5045: Compiler will insert Spectre mitigation for memory load if /Qspectre switch specified
  C:\Users\Brian Kirkpatrick\Projects\SDL\libpng\pngget.c(339) : note: index 'ppm' range checked by comparison on this line
  C:\Users\Brian Kirkpatrick\Projects\SDL\libpng\pngget.c(339) : note: feeds call on this line
C:\Users\Brian Kirkpatrick\Projects\SDL\libpng\png.c(1584): warning C5045: Compiler will insert Spectre mitigation for memory load if /Qspectre switch specified
  C:\Users\Brian Kirkpatrick\Projects\SDL\libpng\png.c(1560) : note: index '' range checked by comparison on this line
  C:\Users\Brian Kirkpatrick\Projects\SDL\libpng\png.c(1584) : note: feeds call on this line
C:\Users\Brian Kirkpatrick\Projects\SDL\libpng\pngrtran.c(3871): warning C5045: Compiler will insert Spectre mitigation for memory load if /Qspectre switch specified
  C:\Users\Brian Kirkpatrick\Projects\SDL\libpng\pngrtran.c(3811) : note: index 'row_width' range checked by comparison on this line
  C:\Users\Brian Kirkpatrick\Projects\SDL\libpng\pngrtran.c(3871) : note: feeds memory load on this line
C:\Users\Brian Kirkpatrick\Projects\SDL\libpng\pngrtran.c(3868): warning C5045: Compiler will insert Spectre mitigation for memory load if /Qspectre switch specified
  C:\Users\Brian Kirkpatrick\Projects\SDL\libpng\pngrtran.c(3811) : note: index 'row_width' range checked by comparison on this line
  C:\Users\Brian Kirkpatrick\Projects\SDL\libpng\pngrtran.c(3871) : note: feeds memory load on this line
C:\Users\Brian Kirkpatrick\Projects\SDL\libpng\pngrutil.c(4140): warning C5045: Compiler will insert Spectre mitigation for memory load if /Qspectre switch specified
  C:\Users\Brian Kirkpatrick\Projects\SDL\libpng\pngrutil.c(4135) : note: index 'filter' range checked by comparison on this line
  C:\Users\Brian Kirkpatrick\Projects\SDL\libpng\pngrutil.c(4140) : note: feeds call on this line
C:\Users\Brian Kirkpatrick\Projects\SDL\libpng\pngrtran.c(4038): warning C5045: Compiler will insert Spectre mitigation for memory load if /Qspectre switch specified
  C:\Users\Brian Kirkpatrick\Projects\SDL\libpng\pngrtran.c(4026) : note: index 'row_width' range checked by comparison on this line
  C:\Users\Brian Kirkpatrick\Projects\SDL\libpng\pngrtran.c(4038) : note: feeds memory load on this line
C:\Users\Brian Kirkpatrick\Projects\SDL\libpng\png.c(4181): warning C5045: Compiler will insert Spectre mitigation for memory load if /Qspectre switch specified
  C:\Users\Brian Kirkpatrick\Projects\SDL\libpng\png.c(4179) : note: index 'i' range checked by comparison on this line
  C:\Users\Brian Kirkpatrick\Projects\SDL\libpng\png.c(4181) : note: feeds call on this line
C:\Users\Brian Kirkpatrick\Projects\SDL\libpng\png.c(1582): warning C5045: Compiler will insert Spectre mitigation for memory load if /Qspectre switch specified
  C:\Users\Brian Kirkpatrick\Projects\SDL\libpng\png.c(1560) : note: index '' range checked by comparison on this line
  C:\Users\Brian Kirkpatrick\Projects\SDL\libpng\png.c(1582) : note: feeds call on this line
C:\Users\Brian Kirkpatrick\Projects\SDL\libpng\png.c(4170): warning C5045: Compiler will insert Spectre mitigation for memory load if /Qspectre switch specified
  C:\Users\Brian Kirkpatrick\Projects\SDL\libpng\png.c(4168) : note: index 'i' range checked by comparison on this line
  C:\Users\Brian Kirkpatrick\Projects\SDL\libpng\png.c(4170) : note: feeds call on this line
C:\Users\Brian Kirkpatrick\Projects\SDL\libpng\pngmem.c(115): warning C5045: Compiler will insert Spectre mitigation for memory load if /Qspectre switch specified
  C:\Users\Brian Kirkpatrick\Projects\SDL\libpng\pngmem.c(114) : note: index 'req' range checked by comparison on this line
  C:\Users\Brian Kirkpatrick\Projects\SDL\libpng\pngmem.c(115) : note: feeds call on this line
C:\Users\Brian Kirkpatrick\Projects\SDL\libpng\png.c(1580): warning C5045: Compiler will insert Spectre mitigation for memory load if /Qspectre switch specified
  C:\Users\Brian Kirkpatrick\Projects\SDL\libpng\png.c(1560) : note: index '' range checked by comparison on this line
  C:\Users\Brian Kirkpatrick\Projects\SDL\libpng\png.c(1580) : note: feeds call on this line
C:\Users\Brian Kirkpatrick\Projects\SDL\libpng\png.c(4148): warning C5045: Compiler will insert Spectre mitigation for memory load if /Qspectre switch specified
  C:\Users\Brian Kirkpatrick\Projects\SDL\libpng\png.c(4146) : note: index 'i' range checked by comparison on this line
  C:\Users\Brian Kirkpatrick\Projects\SDL\libpng\png.c(4148) : note: feeds call on this line
C:\Users\Brian Kirkpatrick\Projects\SDL\libpng\pngrtran.c(3862): warning C5045: Compiler will insert Spectre mitigation for memory load if /Qspectre switch specified
  C:\Users\Brian Kirkpatrick\Projects\SDL\libpng\pngrtran.c(3811) : note: index 'row_width' range checked by comparison on this line
  C:\Users\Brian Kirkpatrick\Projects\SDL\libpng\pngrtran.c(3862) : note: feeds memory load on this line
C:\Users\Brian Kirkpatrick\Projects\SDL\libpng\png.c(1577): warning C5045: Compiler will insert Spectre mitigation for memory load if /Qspectre switch specified
  C:\Users\Brian Kirkpatrick\Projects\SDL\libpng\png.c(1560) : note: index '' range checked by comparison on this line
  C:\Users\Brian Kirkpatrick\Projects\SDL\libpng\png.c(1577) : note: feeds call on this line
C:\Users\Brian Kirkpatrick\Projects\SDL\libpng\png.c(665): warning C5045: Compiler will insert Spectre mitigation for memory load if /Qspectre switch specified
  C:\Users\Brian Kirkpatrick\Projects\SDL\libpng\png.c(664) : note: index 'row' range checked by comparison on this line
  C:\Users\Brian Kirkpatrick\Projects\SDL\libpng\png.c(665) : note: feeds call on this line
C:\Users\Brian Kirkpatrick\Projects\SDL\libpng\png.c(1575): warning C5045: Compiler will insert Spectre mitigation for memory load if /Qspectre switch specified
  C:\Users\Brian Kirkpatrick\Projects\SDL\libpng\png.c(1560) : note: index '' range checked by comparison on this line
  C:\Users\Brian Kirkpatrick\Projects\SDL\libpng\png.c(1575) : note: feeds call on this line
C:\Users\Brian Kirkpatrick\Projects\SDL\libpng\png.c(1535): warning C5045: Compiler will insert Spectre mitigation for memory load if /Qspectre switch specified
  C:\Users\Brian Kirkpatrick\Projects\SDL\libpng\png.c(1509) : note: index 'blue_scale' range checked by comparison on this line
  C:\Users\Brian Kirkpatrick\Projects\SDL\libpng\png.c(1535) : note: feeds call on this line
C:\Users\Brian Kirkpatrick\Projects\SDL\libpng\png.c(609): warning C5045: Compiler will insert Spectre mitigation for memory load if /Qspectre switch specified
  C:\Users\Brian Kirkpatrick\Projects\SDL\libpng\png.c(608) : note: index 'i' range checked by comparison on this line
  C:\Users\Brian Kirkpatrick\Projects\SDL\libpng\png.c(609) : note: feeds call on this line
C:\Users\Brian Kirkpatrick\Projects\SDL\libpng\png.c(2486): warning C5045: Compiler will insert Spectre mitigation for memory load if /Qspectre switch specified
  C:\Users\Brian Kirkpatrick\Projects\SDL\libpng\png.c(2486) : note: index 'total' range checked by comparison on this line
  C:\Users\Brian Kirkpatrick\Projects\SDL\libpng\png.c(2486) : note: feeds call on this line
C:\Users\Brian Kirkpatrick\Projects\SDL\libpng\pngrtran.c(280): warning C5045: Compiler will insert Spectre mitigation for memory load if /Qspectre switch specified
  C:\Users\Brian Kirkpatrick\Projects\SDL\libpng\pngrtran.c(277) : note: index 'output_gamma' range checked by comparison on this line
  C:\Users\Brian Kirkpatrick\Projects\SDL\libpng\pngrtran.c(280) : note: feeds call on this line
C:\Users\Brian Kirkpatrick\Projects\SDL\libpng\pngpread.c(150): warning C5045: Compiler will insert Spectre mitigation for memory load if /Qspectre switch specified
  C:\Users\Brian Kirkpatrick\Projects\SDL\libpng\pngpread.c(150) : note: index 'num_checked' range checked by comparison on this line
  C:\Users\Brian Kirkpatrick\Projects\SDL\libpng\pngpread.c(150) : note: feeds call on this line
C:\Users\Brian Kirkpatrick\Projects\SDL\libpng\png.c(1573): warning C5045: Compiler will insert Spectre mitigation for memory load if /Qspectre switch specified
  C:\Users\Brian Kirkpatrick\Projects\SDL\libpng\png.c(1560) : note: index '' range checked by comparison on this line
  C:\Users\Brian Kirkpatrick\Projects\SDL\libpng\png.c(1573) : note: feeds call on this line
C:\Users\Brian Kirkpatrick\Projects\SDL\libpng\pngrutil.c(142): warning C5045: Compiler will insert Spectre mitigation for memory load if /Qspectre switch specified
  C:\Users\Brian Kirkpatrick\Projects\SDL\libpng\pngrutil.c(142) : note: index 'num_checked' range checked by comparison on this line
  C:\Users\Brian Kirkpatrick\Projects\SDL\libpng\pngrutil.c(142) : note: feeds call on this line
C:\Users\Brian Kirkpatrick\Projects\SDL\libpng\png.c(3327): warning C5045: Compiler will insert Spectre mitigation for memory load if /Qspectre switch specified
  C:\Users\Brian Kirkpatrick\Projects\SDL\libpng\png.c(3320) : note: index 'r' range checked by comparison on this line
  C:\Users\Brian Kirkpatrick\Projects\SDL\libpng\png.c(3327) : note: feeds call on this line
C:\Users\Brian Kirkpatrick\Projects\SDL\libpng\png.c(1570): warning C5045: Compiler will insert Spectre mitigation for memory load if /Qspectre switch specified
  C:\Users\Brian Kirkpatrick\Projects\SDL\libpng\png.c(1560) : note: index '' range checked by comparison on this line
  C:\Users\Brian Kirkpatrick\Projects\SDL\libpng\png.c(1570) : note: feeds call on this line
C:\Users\Brian Kirkpatrick\Projects\SDL\libpng\pngrutil.c(29): warning C5045: Compiler will insert Spectre mitigation for memory load if /Qspectre switch specified
  C:\Users\Brian Kirkpatrick\Projects\SDL\libpng\pngrutil.c(26) : note: index 'uval' range checked by comparison on this line
  C:\Users\Brian Kirkpatrick\Projects\SDL\libpng\pngrutil.c(29) : note: feeds call on this line
C:\Users\Brian Kirkpatrick\Projects\SDL\libpng\png.c(1568): warning C5045: Compiler will insert Spectre mitigation for memory load if /Qspectre switch specified
  C:\Users\Brian Kirkpatrick\Projects\SDL\libpng\png.c(1560) : note: index '' range checked by comparison on this line
  C:\Users\Brian Kirkpatrick\Projects\SDL\libpng\png.c(1568) : note: feeds call on this line
C:\Users\Brian Kirkpatrick\Projects\SDL\libpng\pngrtran.c(3854): warning C5045: Compiler will insert Spectre mitigation for memory load if /Qspectre switch specified
  C:\Users\Brian Kirkpatrick\Projects\SDL\libpng\pngrtran.c(3811) : note: index 'row_width' range checked by comparison on this line
  C:\Users\Brian Kirkpatrick\Projects\SDL\libpng\pngrtran.c(3854) : note: feeds memory load on this line
C:\Users\Brian Kirkpatrick\Projects\SDL\libpng\png.c(1566): warning C5045: Compiler will insert Spectre mitigation for memory load if /Qspectre switch specified
  C:\Users\Brian Kirkpatrick\Projects\SDL\libpng\png.c(1560) : note: index '' range checked by comparison on this line
  C:\Users\Brian Kirkpatrick\Projects\SDL\libpng\png.c(1566) : note: feeds call on this line
C:\Users\Brian Kirkpatrick\Projects\SDL\libpng\png.c(583): warning C5045: Compiler will insert Spectre mitigation for memory load if /Qspectre switch specified
  C:\Users\Brian Kirkpatrick\Projects\SDL\libpng\png.c(580) : note: index 'i' range checked by comparison on this line
  C:\Users\Brian Kirkpatrick\Projects\SDL\libpng\png.c(583) : note: feeds call on this line
C:\Users\Brian Kirkpatrick\Projects\SDL\libpng\pngwutil.c(140): warning C5045: Compiler will insert Spectre mitigation for memory load if /Qspectre switch specified
  C:\Users\Brian Kirkpatrick\Projects\SDL\libpng\pngwutil.c(133) : note: index 'length' range checked by comparison on this line
  C:\Users\Brian Kirkpatrick\Projects\SDL\libpng\pngwutil.c(140) : note: feeds call on this line
C:\Users\Brian Kirkpatrick\Projects\SDL\libpng\png.c(1532): warning C5045: Compiler will insert Spectre mitigation for memory load if /Qspectre switch specified
  C:\Users\Brian Kirkpatrick\Projects\SDL\libpng\png.c(1509) : note: index 'blue_scale' range checked by comparison on this line
  C:\Users\Brian Kirkpatrick\Projects\SDL\libpng\png.c(1532) : note: feeds call on this line
C:\Users\Brian Kirkpatrick\Projects\SDL\libpng\png.c(542): warning C5045: Compiler will insert Spectre mitigation for memory load if /Qspectre switch specified
  C:\Users\Brian Kirkpatrick\Projects\SDL\libpng\png.c(541) : note: index 'i' range checked by comparison on this line
  C:\Users\Brian Kirkpatrick\Projects\SDL\libpng\png.c(542) : note: feeds call on this line
C:\Users\Brian Kirkpatrick\Projects\SDL\libpng\png.c(3014): warning C5045: Compiler will insert Spectre mitigation for memory load if /Qspectre switch specified
  C:\Users\Brian Kirkpatrick\Projects\SDL\libpng\png.c(2971) : note: index 'fp' range checked by comparison on this line
  C:\Users\Brian Kirkpatrick\Projects\SDL\libpng\png.c(3014) : note: feeds call on this line
C:\Users\Brian Kirkpatrick\Projects\SDL\libpng\pngread.c(2075): warning C5045: Compiler will insert Spectre mitigation for memory load if /Qspectre switch specified
  C:\Users\Brian Kirkpatrick\Projects\SDL\libpng\pngread.c(2066) : note: index 'r' range checked by comparison on this line
  C:\Users\Brian Kirkpatrick\Projects\SDL\libpng\pngread.c(2075) : note: feeds call on this line
C:\Users\Brian Kirkpatrick\Projects\SDL\libpng\pngread.c(2051): warning C5045: Compiler will insert Spectre mitigation for memory load if /Qspectre switch specified
  C:\Users\Brian Kirkpatrick\Projects\SDL\libpng\pngread.c(2035) : note: index 'i' range checked by comparison on this line
  C:\Users\Brian Kirkpatrick\Projects\SDL\libpng\pngread.c(2051) : note: feeds call on this line
C:\Users\Brian Kirkpatrick\Projects\SDL\libpng\png.c(2942): warning C5045: Compiler will insert Spectre mitigation for memory load if /Qspectre switch specified
  C:\Users\Brian Kirkpatrick\Projects\SDL\libpng\png.c(2928) : note: index 'fp' range checked by comparison on this line
  C:\Users\Brian Kirkpatrick\Projects\SDL\libpng\png.c(2942) : note: feeds call on this line
C:\Users\Brian Kirkpatrick\Projects\SDL\libpng\pngerror.c(622): warning C5045: Compiler will insert Spectre mitigation for memory load if /Qspectre switch specified
  C:\Users\Brian Kirkpatrick\Projects\SDL\libpng\pngerror.c(617) : note: index 'jmp_buf_size' range checked by comparison on this line
  C:\Users\Brian Kirkpatrick\Projects\SDL\libpng\pngerror.c(622) : note: feeds call on this line
C:\Users\Brian Kirkpatrick\Projects\SDL\libpng\pngread.c(2038): warning C5045: Compiler will insert Spectre mitigation for memory load if /Qspectre switch specified
  C:\Users\Brian Kirkpatrick\Projects\SDL\libpng\pngread.c(2035) : note: index 'i' range checked by comparison on this line
  C:\Users\Brian Kirkpatrick\Projects\SDL\libpng\pngread.c(2038) : note: feeds call on this line
C:\Users\Brian Kirkpatrick\Projects\SDL\libpng\pngread.c(1988): warning C5045: Compiler will insert Spectre mitigation for memory load if /Qspectre switch specified
  C:\Users\Brian Kirkpatrick\Projects\SDL\libpng\pngread.c(1987) : note: index 'i' range checked by comparison on this line
  C:\Users\Brian Kirkpatrick\Projects\SDL\libpng\pngread.c(1988) : note: feeds call on this line
C:\Users\Brian Kirkpatrick\Projects\SDL\libpng\pngrutil.c(46): warning C5045: Compiler will insert Spectre mitigation for memory load if /Qspectre switch specified
  C:\Users\Brian Kirkpatrick\Projects\SDL\libpng\pngrutil.c(45) : note: index 'uval' range checked by comparison on this line
  C:\Users\Brian Kirkpatrick\Projects\SDL\libpng\pngrutil.c(46) : note: feeds call on this line
C:\Users\Brian Kirkpatrick\Projects\SDL\libpng\png.c(1530): warning C5045: Compiler will insert Spectre mitigation for memory load if /Qspectre switch specified
  C:\Users\Brian Kirkpatrick\Projects\SDL\libpng\png.c(1509) : note: index 'blue_scale' range checked by comparison on this line
  C:\Users\Brian Kirkpatrick\Projects\SDL\libpng\png.c(1530) : note: feeds call on this line
C:\Users\Brian Kirkpatrick\Projects\SDL\libpng\pngread.c(1999): warning C5045: Compiler will insert Spectre mitigation for memory load if /Qspectre switch specified
  C:\Users\Brian Kirkpatrick\Projects\SDL\libpng\pngread.c(1998) : note: index 'i' range checked by comparison on this line
  C:\Users\Brian Kirkpatrick\Projects\SDL\libpng\pngread.c(1999) : note: feeds call on this line
C:\Users\Brian Kirkpatrick\Projects\SDL\libpng\pngrtran.c(3994): warning C5045: Compiler will insert Spectre mitigation for memory load if /Qspectre switch specified
  C:\Users\Brian Kirkpatrick\Projects\SDL\libpng\pngrtran.c(3980) : note: index 'row_width' range checked by comparison on this line
  C:\Users\Brian Kirkpatrick\Projects\SDL\libpng\pngrtran.c(3994) : note: feeds memory load on this line
C:\Users\Brian Kirkpatrick\Projects\SDL\libpng\png.c(495): warning C5045: Compiler will insert Spectre mitigation for memory load if /Qspectre switch specified
  C:\Users\Brian Kirkpatrick\Projects\SDL\libpng\png.c(494) : note: index 'i' range checked by comparison on this line
  C:\Users\Brian Kirkpatrick\Projects\SDL\libpng\png.c(495) : note: feeds call on this line
C:\Users\Brian Kirkpatrick\Projects\SDL\libpng\png.c(4125): warning C5045: Compiler will insert Spectre mitigation for memory load if /Qspectre switch specified
  C:\Users\Brian Kirkpatrick\Projects\SDL\libpng\png.c(4124) : note: index 'i' range checked by comparison on this line
  C:\Users\Brian Kirkpatrick\Projects\SDL\libpng\png.c(4125) : note: feeds call on this line
C:\Users\Brian Kirkpatrick\Projects\SDL\libpng\pngrtran.c(3828): warning C5045: Compiler will insert Spectre mitigation for memory load if /Qspectre switch specified
  C:\Users\Brian Kirkpatrick\Projects\SDL\libpng\pngrtran.c(3811) : note: index 'row_width' range checked by comparison on this line
  C:\Users\Brian Kirkpatrick\Projects\SDL\libpng\pngrtran.c(3828) : note: feeds memory load on this line
C:\Users\Brian Kirkpatrick\Projects\SDL\libpng\pngrtran.c(3769): warning C5045: Compiler will insert Spectre mitigation for memory load if /Qspectre switch specified
  C:\Users\Brian Kirkpatrick\Projects\SDL\libpng\pngrtran.c(3736) : note: index 'row_width' range checked by comparison on this line
  C:\Users\Brian Kirkpatrick\Projects\SDL\libpng\pngrtran.c(3771) : note: feeds memory load on this line
C:\Users\Brian Kirkpatrick\Projects\SDL\libpng\pngrtran.c(3689): warning C5045: Compiler will insert Spectre mitigation for memory load if /Qspectre switch specified
  C:\Users\Brian Kirkpatrick\Projects\SDL\libpng\pngrtran.c(3658) : note: index 'row_width' range checked by comparison on this line
  C:\Users\Brian Kirkpatrick\Projects\SDL\libpng\pngrtran.c(3689) : note: feeds memory load on this line
C:\Users\Brian Kirkpatrick\Projects\SDL\libpng\pngrutil.c(226): warning C5045: Compiler will insert Spectre mitigation for memory load if /Qspectre switch specified
  C:\Users\Brian Kirkpatrick\Projects\SDL\libpng\pngrutil.c(216) : note: index 'skip' range checked by comparison on this line
  C:\Users\Brian Kirkpatrick\Projects\SDL\libpng\pngrutil.c(226) : note: feeds call on this line
C:\Users\Brian Kirkpatrick\Projects\SDL\libpng\pngset.c(1508): warning C5045: Compiler will insert Spectre mitigation for memory load if /Qspectre switch specified
  C:\Users\Brian Kirkpatrick\Projects\SDL\libpng\pngset.c(1493) : note: index 'old_num_chunks' range checked by comparison on this line
  C:\Users\Brian Kirkpatrick\Projects\SDL\libpng\pngset.c(1508) : note: feeds call on this line
C:\Users\Brian Kirkpatrick\Projects\SDL\libpng\png.c(4106): warning C5045: Compiler will insert Spectre mitigation for memory load if /Qspectre switch specified
  C:\Users\Brian Kirkpatrick\Projects\SDL\libpng\png.c(4104) : note: index 'last' range checked by comparison on this line
  C:\Users\Brian Kirkpatrick\Projects\SDL\libpng\png.c(4106) : note: feeds memory load on this line
C:\Users\Brian Kirkpatrick\Projects\SDL\libpng\pngrutil.c(794): warning C5045: Compiler will insert Spectre mitigation for memory load if /Qspectre switch specified
  C:\Users\Brian Kirkpatrick\Projects\SDL\libpng\pngrutil.c(793) : note: index 'read_size' range checked by comparison on this line
  C:\Users\Brian Kirkpatrick\Projects\SDL\libpng\pngrutil.c(794) : note: feeds call on this line
C:\Users\Brian Kirkpatrick\Projects\SDL\libpng\pngset.c(1487): warning C5045: Compiler will insert Spectre mitigation for memory load if /Qspectre switch specified
  C:\Users\Brian Kirkpatrick\Projects\SDL\libpng\pngset.c(1485) : note: index 'num_chunks' range checked by comparison on this line
  C:\Users\Brian Kirkpatrick\Projects\SDL\libpng\pngset.c(1487) : note: feeds call on this line
C:\Users\Brian Kirkpatrick\Projects\SDL\libpng\pngmem.c(128): warning C5045: Compiler will insert Spectre mitigation for memory load if /Qspectre switch specified
  C:\Users\Brian Kirkpatrick\Projects\SDL\libpng\pngmem.c(125) : note: index 'nelements' range checked by comparison on this line
  C:\Users\Brian Kirkpatrick\Projects\SDL\libpng\pngmem.c(128) : note: feeds call on this line
C:\Users\Brian Kirkpatrick\Projects\SDL\libpng\png.c(4098): warning C5045: Compiler will insert Spectre mitigation for memory load if /Qspectre switch specified
  C:\Users\Brian Kirkpatrick\Projects\SDL\libpng\png.c(4096) : note: index 'last' range checked by comparison on this line
  C:\Users\Brian Kirkpatrick\Projects\SDL\libpng\png.c(4098) : note: feeds memory load on this line
C:\Users\Brian Kirkpatrick\Projects\SDL\libpng\pngrtran.c(3684): warning C5045: Compiler will insert Spectre mitigation for memory load if /Qspectre switch specified
  C:\Users\Brian Kirkpatrick\Projects\SDL\libpng\pngrtran.c(3658) : note: index 'row_width' range checked by comparison on this line
  C:\Users\Brian Kirkpatrick\Projects\SDL\libpng\pngrtran.c(3689) : note: feeds memory load on this line
C:\Users\Brian Kirkpatrick\Projects\SDL\libpng\png.c(4091): warning C5045: Compiler will insert Spectre mitigation for memory load if /Qspectre switch specified
  C:\Users\Brian Kirkpatrick\Projects\SDL\libpng\png.c(4085) : note: index 'i' range checked by comparison on this line
  C:\Users\Brian Kirkpatrick\Projects\SDL\libpng\png.c(4091) : note: feeds call on this line
C:\Users\Brian Kirkpatrick\Projects\SDL\libpng\pngmem.c(159): warning C5045: Compiler will insert Spectre mitigation for memory load if /Qspectre switch specified
  C:\Users\Brian Kirkpatrick\Projects\SDL\libpng\pngmem.c(143) : note: index 'add_elements' range checked by comparison on this line
  C:\Users\Brian Kirkpatrick\Projects\SDL\libpng\pngmem.c(159) : note: feeds call on this line
C:\Users\Brian Kirkpatrick\Projects\SDL\libpng\pngrtran.c(3667): warning C5045: Compiler will insert Spectre mitigation for memory load if /Qspectre switch specified
  C:\Users\Brian Kirkpatrick\Projects\SDL\libpng\pngrtran.c(3658) : note: index 'row_width' range checked by comparison on this line
  C:\Users\Brian Kirkpatrick\Projects\SDL\libpng\pngrtran.c(3667) : note: feeds memory load on this line
C:\Users\Brian Kirkpatrick\Projects\SDL\libpng\pngmem.c(145): warning C5045: Compiler will insert Spectre mitigation for memory load if /Qspectre switch specified
  C:\Users\Brian Kirkpatrick\Projects\SDL\libpng\pngmem.c(143) : note: index 'add_elements' range checked by comparison on this line
  C:\Users\Brian Kirkpatrick\Projects\SDL\libpng\pngmem.c(145) : note: feeds call on this line
C:\Users\Brian Kirkpatrick\Projects\SDL\libpng\pngrtran.c(3627): warning C5045: Compiler will insert Spectre mitigation for memory load if /Qspectre switch specified
  C:\Users\Brian Kirkpatrick\Projects\SDL\libpng\pngrtran.c(3610) : note: index 'row_width' range checked by comparison on this line
  C:\Users\Brian Kirkpatrick\Projects\SDL\libpng\pngrtran.c(3630) : note: feeds memory load on this line
C:\Users\Brian Kirkpatrick\Projects\SDL\libpng\pngwutil.c(186): warning C5045: Compiler will insert Spectre mitigation for memory load if /Qspectre switch specified
  C:\Users\Brian Kirkpatrick\Projects\SDL\libpng\pngwutil.c(182) : note: index 'length' range checked by comparison on this line
  C:\Users\Brian Kirkpatrick\Projects\SDL\libpng\pngwutil.c(186) : note: feeds call on this line
C:\Users\Brian Kirkpatrick\Projects\SDL\libpng\pngwutil.c(1519): warning C5045: Compiler will insert Spectre mitigation for memory load if /Qspectre switch specified
  C:\Users\Brian Kirkpatrick\Projects\SDL\libpng\pngwutil.c(1517) : note: index 'i' range checked by comparison on this line
  C:\Users\Brian Kirkpatrick\Projects\SDL\libpng\pngwutil.c(1519) : note: feeds call on this line
C:\Users\Brian Kirkpatrick\Projects\SDL\libpng\pngset.c(546): warning C5045: Compiler will insert Spectre mitigation for memory load if /Qspectre switch specified
  C:\Users\Brian Kirkpatrick\Projects\SDL\libpng\pngset.c(536) : note: index 'height' range checked by comparison on this line
  C:\Users\Brian Kirkpatrick\Projects\SDL\libpng\pngset.c(546) : note: feeds call on this line
C:\Users\Brian Kirkpatrick\Projects\SDL\libpng\pngrutil.c(4609): warning C5045: Compiler will insert Spectre mitigation for memory load if /Qspectre switch specified
  C:\Users\Brian Kirkpatrick\Projects\SDL\libpng\pngrutil.c(4597) : note: index '' range checked by comparison on this line
  C:\Users\Brian Kirkpatrick\Projects\SDL\libpng\pngrutil.c(4609) : note: feeds call on this line
C:\Users\Brian Kirkpatrick\Projects\SDL\libpng\pngrtran.c(3560): warning C5045: Compiler will insert Spectre mitigation for memory load if /Qspectre switch specified
  C:\Users\Brian Kirkpatrick\Projects\SDL\libpng\pngrtran.c(3524) : note: index 'row_width' range checked by comparison on this line
  C:\Users\Brian Kirkpatrick\Projects\SDL\libpng\pngrtran.c(3560) : note: feeds memory load on this line
C:\Users\Brian Kirkpatrick\Projects\SDL\libpng\pngrtran.c(845): warning C5045: Compiler will insert Spectre mitigation for memory load if /Qspectre switch specified
  C:\Users\Brian Kirkpatrick\Projects\SDL\libpng\pngrtran.c(844) : note: index 'scrn_gamma' range checked by comparison on this line
  C:\Users\Brian Kirkpatrick\Projects\SDL\libpng\pngrtran.c(845) : note: feeds call on this line
C:\Users\Brian Kirkpatrick\Projects\SDL\libpng\pngrtran.c(842): warning C5045: Compiler will insert Spectre mitigation for memory load if /Qspectre switch specified
  C:\Users\Brian Kirkpatrick\Projects\SDL\libpng\pngrtran.c(841) : note: index 'file_gamma' range checked by comparison on this line
  C:\Users\Brian Kirkpatrick\Projects\SDL\libpng\pngrtran.c(842) : note: feeds call on this line
C:\Users\Brian Kirkpatrick\Projects\SDL\libpng\pngpread.c(70): warning C5045: Compiler will insert Spectre mitigation for memory load if /Qspectre switch specified
  C:\Users\Brian Kirkpatrick\Projects\SDL\libpng\pngpread.c(69) : note: index 'remaining' range checked by comparison on this line
  C:\Users\Brian Kirkpatrick\Projects\SDL\libpng\pngpread.c(70) : note: feeds call on this line
C:\Users\Brian Kirkpatrick\Projects\SDL\libpng\pngrtran.c(3440): warning C5045: Compiler will insert Spectre mitigation for memory load if /Qspectre switch specified
  C:\Users\Brian Kirkpatrick\Projects\SDL\libpng\pngrtran.c(3423) : note: index 'row_width' range checked by comparison on this line
  C:\Users\Brian Kirkpatrick\Projects\SDL\libpng\pngrtran.c(3440) : note: feeds memory load on this line
C:\Users\Brian Kirkpatrick\Projects\SDL\libpng\pngrutil.c(755): warning C5045: Compiler will insert Spectre mitigation for memory load if /Qspectre switch specified
  C:\Users\Brian Kirkpatrick\Projects\SDL\libpng\pngrutil.c(632) : note: index '' range checked by comparison on this line
  C:\Users\Brian Kirkpatrick\Projects\SDL\libpng\pngrutil.c(755) : note: feeds call on this line
C:\Users\Brian Kirkpatrick\Projects\SDL\libpng\pngset.c(517): warning C5045: Compiler will insert Spectre mitigation for memory load if /Qspectre switch specified
  C:\Users\Brian Kirkpatrick\Projects\SDL\libpng\pngset.c(506) : note: index 'height' range checked by comparison on this line
  C:\Users\Brian Kirkpatrick\Projects\SDL\libpng\pngset.c(517) : note: feeds call on this line
C:\Users\Brian Kirkpatrick\Projects\SDL\libpng\pngrutil.c(2458): warning C5045: Compiler will insert Spectre mitigation for memory load if /Qspectre switch specified
  C:\Users\Brian Kirkpatrick\Projects\SDL\libpng\pngrutil.c(2438) : note: index 'length' range checked by comparison on this line
  C:\Users\Brian Kirkpatrick\Projects\SDL\libpng\pngrutil.c(2458) : note: feeds call on this line
C:\Users\Brian Kirkpatrick\Projects\SDL\libpng\pngrtran.c(363): warning C5045: Compiler will insert Spectre mitigation for memory load if /Qspectre switch specified
  C:\Users\Brian Kirkpatrick\Projects\SDL\libpng\pngrtran.c(309) : note: index 'output_gamma' range checked by comparison on this line
  C:\Users\Brian Kirkpatrick\Projects\SDL\libpng\pngrtran.c(363) : note: feeds call on this line
C:\Users\Brian Kirkpatrick\Projects\SDL\libpng\pngrutil.c(2910): warning C5045: Compiler will insert Spectre mitigation for memory load if /Qspectre switch specified
  C:\Users\Brian Kirkpatrick\Projects\SDL\libpng\pngrutil.c(2909) : note: index 'length' range checked by comparison on this line
  C:\Users\Brian Kirkpatrick\Projects\SDL\libpng\pngrutil.c(2910) : note: feeds call on this line
C:\Users\Brian Kirkpatrick\Projects\SDL\libpng\pngrtran.c(315): warning C5045: Compiler will insert Spectre mitigation for memory load if /Qspectre switch specified
  C:\Users\Brian Kirkpatrick\Projects\SDL\libpng\pngrtran.c(309) : note: index 'output_gamma' range checked by comparison on this line
  C:\Users\Brian Kirkpatrick\Projects\SDL\libpng\pngrtran.c(315) : note: feeds call on this line
C:\Users\Brian Kirkpatrick\Projects\SDL\libpng\pngrutil.c(2902): warning C5045: Compiler will insert Spectre mitigation for memory load if /Qspectre switch specified
  C:\Users\Brian Kirkpatrick\Projects\SDL\libpng\pngrutil.c(2899) : note: index 'length' range checked by comparison on this line
  C:\Users\Brian Kirkpatrick\Projects\SDL\libpng\pngrutil.c(2902) : note: feeds call on this line
C:\Users\Brian Kirkpatrick\Projects\SDL\libpng\pngrutil.c(2090): warning C5045: Compiler will insert Spectre mitigation for memory load if /Qspectre switch specified
  C:\Users\Brian Kirkpatrick\Projects\SDL\libpng\pngrutil.c(2073) : note: index 'length' range checked by comparison on this line
  C:\Users\Brian Kirkpatrick\Projects\SDL\libpng\pngrutil.c(2090) : note: feeds call on this line
C:\Users\Brian Kirkpatrick\Projects\SDL\libpng\pngrutil.c(2894): warning C5045: Compiler will insert Spectre mitigation for memory load if /Qspectre switch specified
  C:\Users\Brian Kirkpatrick\Projects\SDL\libpng\pngrutil.c(2880) : note: index 'length' range checked by comparison on this line
  C:\Users\Brian Kirkpatrick\Projects\SDL\libpng\pngrutil.c(2894) : note: feeds call on this line
C:\Users\Brian Kirkpatrick\Projects\SDL\libpng\pngrutil.c(2450): warning C5045: Compiler will insert Spectre mitigation for memory load if /Qspectre switch specified
  C:\Users\Brian Kirkpatrick\Projects\SDL\libpng\pngrutil.c(2438) : note: index 'length' range checked by comparison on this line
  C:\Users\Brian Kirkpatrick\Projects\SDL\libpng\pngrutil.c(2450) : note: feeds call on this line
C:\Users\Brian Kirkpatrick\Projects\SDL\libpng\pngwutil.c(1566): warning C5045: Compiler will insert Spectre mitigation for memory load if /Qspectre switch specified
  C:\Users\Brian Kirkpatrick\Projects\SDL\libpng\pngwutil.c(1549) : note: index '' range checked by comparison on this line
  C:\Users\Brian Kirkpatrick\Projects\SDL\libpng\pngwutil.c(1566) : note: feeds call on this line
C:\Users\Brian Kirkpatrick\Projects\SDL\libpng\pngrutil.c(2401): warning C5045: Compiler will insert Spectre mitigation for memory load if /Qspectre switch specified
  C:\Users\Brian Kirkpatrick\Projects\SDL\libpng\pngrutil.c(2399) : note: index 'length' range checked by comparison on this line
  C:\Users\Brian Kirkpatrick\Projects\SDL\libpng\pngrutil.c(2401) : note: feeds call on this line
C:\Users\Brian Kirkpatrick\Projects\SDL\libpng\pngwutil.c(1550): warning C5045: Compiler will insert Spectre mitigation for memory load if /Qspectre switch specified
  C:\Users\Brian Kirkpatrick\Projects\SDL\libpng\pngwutil.c(1549) : note: index '' range checked by comparison on this line
  C:\Users\Brian Kirkpatrick\Projects\SDL\libpng\pngwutil.c(1550) : note: feeds call on this line
C:\Users\Brian Kirkpatrick\Projects\SDL\libpng\pngwutil.c(1798): warning C5045: Compiler will insert Spectre mitigation for memory load if /Qspectre switch specified
  C:\Users\Brian Kirkpatrick\Projects\SDL\libpng\pngwutil.c(1796) : note: index 'i' range checked by comparison on this line
  C:\Users\Brian Kirkpatrick\Projects\SDL\libpng\pngwutil.c(1798) : note: feeds call on this line
C:\Users\Brian Kirkpatrick\Projects\SDL\libpng\pngwutil.c(1172): warning C5045: Compiler will insert Spectre mitigation for memory load if /Qspectre switch specified
  C:\Users\Brian Kirkpatrick\Projects\SDL\libpng\pngwutil.c(1155) : note: index '' range checked by comparison on this line
  C:\Users\Brian Kirkpatrick\Projects\SDL\libpng\pngwutil.c(1172) : note: feeds call on this line
C:\Users\Brian Kirkpatrick\Projects\SDL\libpng\pngwutil.c(1780): warning C5045: Compiler will insert Spectre mitigation for memory load if /Qspectre switch specified
  C:\Users\Brian Kirkpatrick\Projects\SDL\libpng\pngwutil.c(1778) : note: index 'i' range checked by comparison on this line
  C:\Users\Brian Kirkpatrick\Projects\SDL\libpng\pngwutil.c(1780) : note: feeds call on this line
C:\Users\Brian Kirkpatrick\Projects\SDL\libpng\pngwutil.c(1225): warning C5045: Compiler will insert Spectre mitigation for memory load if /Qspectre switch specified
  C:\Users\Brian Kirkpatrick\Projects\SDL\libpng\pngwutil.c(1208) : note: index 'ep' range checked by comparison on this line
  C:\Users\Brian Kirkpatrick\Projects\SDL\libpng\pngwutil.c(1225) : note: feeds call on this line
C:\Users\Brian Kirkpatrick\Projects\SDL\libpng\pngwutil.c(1164): warning C5045: Compiler will insert Spectre mitigation for memory load if /Qspectre switch specified
  C:\Users\Brian Kirkpatrick\Projects\SDL\libpng\pngwutil.c(1155) : note: index '' range checked by comparison on this line
  C:\Users\Brian Kirkpatrick\Projects\SDL\libpng\pngwutil.c(1164) : note: feeds call on this line
C:\Users\Brian Kirkpatrick\Projects\SDL\libpng\pngwutil.c(1216): warning C5045: Compiler will insert Spectre mitigation for memory load if /Qspectre switch specified
  C:\Users\Brian Kirkpatrick\Projects\SDL\libpng\pngwutil.c(1208) : note: index 'ep' range checked by comparison on this line
  C:\Users\Brian Kirkpatrick\Projects\SDL\libpng\pngwutil.c(1216) : note: feeds call on this line
C:\Users\Brian Kirkpatrick\Projects\SDL\libpng\pngwutil.c(1717): warning C5045: Compiler will insert Spectre mitigation for memory load if /Qspectre switch specified
  C:\Users\Brian Kirkpatrick\Projects\SDL\libpng\pngwutil.c(1656) : note: index '' range checked by comparison on this line
  C:\Users\Brian Kirkpatrick\Projects\SDL\libpng\pngwutil.c(1717) : note: feeds call on this line
C:\Users\Brian Kirkpatrick\Projects\SDL\libpng\pngwutil.c(1163): warning C5045: Compiler will insert Spectre mitigation for memory load if /Qspectre switch specified
  C:\Users\Brian Kirkpatrick\Projects\SDL\libpng\pngwutil.c(1155) : note: index '' range checked by comparison on this line
  C:\Users\Brian Kirkpatrick\Projects\SDL\libpng\pngwutil.c(1163) : note: feeds call on this line
C:\Users\Brian Kirkpatrick\Projects\SDL\libpng\png.c(2406): warning C5045: Compiler will insert Spectre mitigation for memory load if /Qspectre switch specified
  C:\Users\Brian Kirkpatrick\Projects\SDL\libpng\png.c(2332) : note: index 'i' range checked by comparison on this line
  C:\Users\Brian Kirkpatrick\Projects\SDL\libpng\png.c(2406) : note: feeds call on this line
C:\Users\Brian Kirkpatrick\Projects\SDL\libpng\pngwutil.c(1715): warning C5045: Compiler will insert Spectre mitigation for memory load if /Qspectre switch specified
  C:\Users\Brian Kirkpatrick\Projects\SDL\libpng\pngwutil.c(1656) : note: index '' range checked by comparison on this line
  C:\Users\Brian Kirkpatrick\Projects\SDL\libpng\pngwutil.c(1715) : note: feeds call on this line
C:\Users\Brian Kirkpatrick\Projects\SDL\libpng\png.c(2376): warning C5045: Compiler will insert Spectre mitigation for memory load if /Qspectre switch specified
  C:\Users\Brian Kirkpatrick\Projects\SDL\libpng\png.c(2332) : note: index 'i' range checked by comparison on this line
  C:\Users\Brian Kirkpatrick\Projects\SDL\libpng\png.c(2376) : note: feeds call on this line
C:\Users\Brian Kirkpatrick\Projects\SDL\libpng\pngwutil.c(1712): warning C5045: Compiler will insert Spectre mitigation for memory load if /Qspectre switch specified
  C:\Users\Brian Kirkpatrick\Projects\SDL\libpng\pngwutil.c(1656) : note: index '' range checked by comparison on this line
  C:\Users\Brian Kirkpatrick\Projects\SDL\libpng\pngwutil.c(1712) : note: feeds call on this line
C:\Users\Brian Kirkpatrick\Projects\SDL\libpng\pngrutil.c(2081): warning C5045: Compiler will insert Spectre mitigation for memory load if /Qspectre switch specified
  C:\Users\Brian Kirkpatrick\Projects\SDL\libpng\pngrutil.c(2073) : note: index 'i' range checked by comparison on this line
  C:\Users\Brian Kirkpatrick\Projects\SDL\libpng\pngrutil.c(2081) : note: feeds call on this line
C:\Users\Brian Kirkpatrick\Projects\SDL\libpng\pngset.c(407): warning C5045: Compiler will insert Spectre mitigation for memory load if /Qspectre switch specified
  C:\Users\Brian Kirkpatrick\Projects\SDL\libpng\pngset.c(405) : note: index 'i' range checked by comparison on this line
  C:\Users\Brian Kirkpatrick\Projects\SDL\libpng\pngset.c(411) : note: feeds call on this line
C:\Users\Brian Kirkpatrick\Projects\SDL\libpng\png.c(2363): warning C5045: Compiler will insert Spectre mitigation for memory load if /Qspectre switch specified
  C:\Users\Brian Kirkpatrick\Projects\SDL\libpng\png.c(2332) : note: index 'i' range checked by comparison on this line
  C:\Users\Brian Kirkpatrick\Projects\SDL\libpng\png.c(2363) : note: feeds call on this line
C:\Users\Brian Kirkpatrick\Projects\SDL\libpng\pngset.c(1239): warning C5045: Compiler will insert Spectre mitigation for memory load if /Qspectre switch specified
  C:\Users\Brian Kirkpatrick\Projects\SDL\libpng\pngset.c(1205) : note: index 'num_unknowns' range checked by comparison on this line
  C:\Users\Brian Kirkpatrick\Projects\SDL\libpng\pngset.c(1239) : note: feeds call on this line
C:\Users\Brian Kirkpatrick\Projects\SDL\libpng\pngrtran.c(483): warning C5045: Compiler will insert Spectre mitigation for memory load if /Qspectre switch specified
  C:\Users\Brian Kirkpatrick\Projects\SDL\libpng\pngrtran.c(480) : note: index 'j' range checked by comparison on this line
  C:\Users\Brian Kirkpatrick\Projects\SDL\libpng\pngrtran.c(483) : note: feeds memory load on this line
C:\Users\Brian Kirkpatrick\Projects\SDL\libpng\pngwutil.c(1697): warning C5045: Compiler will insert Spectre mitigation for memory load if /Qspectre switch specified
  C:\Users\Brian Kirkpatrick\Projects\SDL\libpng\pngwutil.c(1696) : note: index '' range checked by comparison on this line
  C:\Users\Brian Kirkpatrick\Projects\SDL\libpng\pngwutil.c(1697) : note: feeds call on this line
C:\Users\Brian Kirkpatrick\Projects\SDL\libpng\pngset.c(1081): warning C5045: Compiler will insert Spectre mitigation for memory load if /Qspectre switch specified
  C:\Users\Brian Kirkpatrick\Projects\SDL\libpng\pngset.c(1075) : note: index 'nentries' range checked by comparison on this line
  C:\Users\Brian Kirkpatrick\Projects\SDL\libpng\pngset.c(1081) : note: feeds call on this line
C:\Users\Brian Kirkpatrick\Projects\SDL\libpng\pngwutil.c(1691): warning C5045: Compiler will insert Spectre mitigation for memory load if /Qspectre switch specified
  C:\Users\Brian Kirkpatrick\Projects\SDL\libpng\pngwutil.c(1656) : note: index '' range checked by comparison on this line
  C:\Users\Brian Kirkpatrick\Projects\SDL\libpng\pngwutil.c(1691) : note: feeds call on this line
C:\Users\Brian Kirkpatrick\Projects\SDL\libpng\pngset.c(811): warning C5045: Compiler will insert Spectre mitigation for memory load if /Qspectre switch specified
  C:\Users\Brian Kirkpatrick\Projects\SDL\libpng\pngset.c(797) : note: index '' range checked by comparison on this line
  C:\Users\Brian Kirkpatrick\Projects\SDL\libpng\pngset.c(811) : note: feeds call on this line
C:\Users\Brian Kirkpatrick\Projects\SDL\libpng\pngwutil.c(1690): warning C5045: Compiler will insert Spectre mitigation for memory load if /Qspectre switch specified
  C:\Users\Brian Kirkpatrick\Projects\SDL\libpng\pngwutil.c(1656) : note: index '' range checked by comparison on this line
  C:\Users\Brian Kirkpatrick\Projects\SDL\libpng\pngwutil.c(1690) : note: feeds call on this line
C:\Users\Brian Kirkpatrick\Projects\SDL\libpng\pngrutil.c(2056): warning C5045: Compiler will insert Spectre mitigation for memory load if /Qspectre switch specified
  C:\Users\Brian Kirkpatrick\Projects\SDL\libpng\pngrutil.c(2047) : note: index 'length' range checked by comparison on this line
  C:\Users\Brian Kirkpatrick\Projects\SDL\libpng\pngrutil.c(2056) : note: feeds call on this line
C:\Users\Brian Kirkpatrick\Projects\SDL\libpng\pngset.c(358): warning C5045: Compiler will insert Spectre mitigation for memory load if /Qspectre switch specified
  C:\Users\Brian Kirkpatrick\Projects\SDL\libpng\pngset.c(347) : note: index 'i' range checked by comparison on this line
  C:\Users\Brian Kirkpatrick\Projects\SDL\libpng\pngset.c(358) : note: feeds call on this line
C:\Users\Brian Kirkpatrick\Projects\SDL\libpng\pngwutil.c(1053): warning C5045: Compiler will insert Spectre mitigation for memory load if /Qspectre switch specified
  C:\Users\Brian Kirkpatrick\Projects\SDL\libpng\pngwutil.c(1052) : note: index 'size' range checked by comparison on this line
  C:\Users\Brian Kirkpatrick\Projects\SDL\libpng\pngwutil.c(1053) : note: feeds call on this line
C:\Users\Brian Kirkpatrick\Projects\SDL\libpng\pngrutil.c(2049): warning C5045: Compiler will insert Spectre mitigation for memory load if /Qspectre switch specified
  C:\Users\Brian Kirkpatrick\Projects\SDL\libpng\pngrutil.c(2047) : note: index 'length' range checked by comparison on this line
  C:\Users\Brian Kirkpatrick\Projects\SDL\libpng\pngrutil.c(2049) : note: feeds call on this line
C:\Users\Brian Kirkpatrick\Projects\SDL\libpng\pngset.c(349): warning C5045: Compiler will insert Spectre mitigation for memory load if /Qspectre switch specified
  C:\Users\Brian Kirkpatrick\Projects\SDL\libpng\pngset.c(347) : note: index 'i' range checked by comparison on this line
  C:\Users\Brian Kirkpatrick\Projects\SDL\libpng\pngset.c(349) : note: feeds call on this line
C:\Users\Brian Kirkpatrick\Projects\SDL\libpng\png.c(1974): warning C5045: Compiler will insert Spectre mitigation for memory load if /Qspectre switch specified
  C:\Users\Brian Kirkpatrick\Projects\SDL\libpng\png.c(1973) : note: index 'profile_length' range checked by comparison on this line
  C:\Users\Brian Kirkpatrick\Projects\SDL\libpng\png.c(1974) : note: feeds call on this line
C:\Users\Brian Kirkpatrick\Projects\SDL\libpng\pngwutil.c(1006): warning C5045: Compiler will insert Spectre mitigation for memory load if /Qspectre switch specified
  C:\Users\Brian Kirkpatrick\Projects\SDL\libpng\pngwutil.c(1005) : note: index 'size' range checked by comparison on this line
  C:\Users\Brian Kirkpatrick\Projects\SDL\libpng\pngwutil.c(1006) : note: feeds call on this line
C:\Users\Brian Kirkpatrick\Projects\SDL\libpng\pngwutil.c(1617): warning C5045: Compiler will insert Spectre mitigation for memory load if /Qspectre switch specified
  C:\Users\Brian Kirkpatrick\Projects\SDL\libpng\pngwutil.c(1597) : note: index '' range checked by comparison on this line
  C:\Users\Brian Kirkpatrick\Projects\SDL\libpng\pngwutil.c(1617) : note: feeds call on this line
C:\Users\Brian Kirkpatrick\Projects\SDL\libpng\pngwutil.c(1605): warning C5045: Compiler will insert Spectre mitigation for memory load if /Qspectre switch specified
  C:\Users\Brian Kirkpatrick\Projects\SDL\libpng\pngwutil.c(1597) : note: index '' range checked by comparison on this line
  C:\Users\Brian Kirkpatrick\Projects\SDL\libpng\pngwutil.c(1605) : note: feeds call on this line
C:\Users\Brian Kirkpatrick\Projects\SDL\libpng\png.c(1147): warning C5045: Compiler will insert Spectre mitigation for memory load if /Qspectre switch specified
  C:\Users\Brian Kirkpatrick\Projects\SDL\libpng\png.c(1130) : note: index 'gAMA' range checked by comparison on this line
  C:\Users\Brian Kirkpatrick\Projects\SDL\libpng\png.c(1147) : note: feeds call on this line
C:\Users\Brian Kirkpatrick\Projects\SDL\libpng\pngwutil.c(1604): warning C5045: Compiler will insert Spectre mitigation for memory load if /Qspectre switch specified
  C:\Users\Brian Kirkpatrick\Projects\SDL\libpng\pngwutil.c(1597) : note: index '' range checked by comparison on this line
  C:\Users\Brian Kirkpatrick\Projects\SDL\libpng\pngwutil.c(1604) : note: feeds call on this line
C:\Users\Brian Kirkpatrick\Projects\SDL\libpng\pngwrite.c(1918): warning C5045: Compiler will insert Spectre mitigation for memory load if /Qspectre switch specified
  C:\Users\Brian Kirkpatrick\Projects\SDL\libpng\pngwrite.c(1917) : note: index 'num_trans' range checked by comparison on this line
  C:\Users\Brian Kirkpatrick\Projects\SDL\libpng\pngwrite.c(1918) : note: feeds call on this line
C:\Users\Brian Kirkpatrick\Projects\SDL\libpng\pngwrite.c(1867): warning C5045: Compiler will insert Spectre mitigation for memory load if /Qspectre switch specified
  C:\Users\Brian Kirkpatrick\Projects\SDL\libpng\pngwrite.c(1856) : note: index 'channels' range checked by comparison on this line
  C:\Users\Brian Kirkpatrick\Projects\SDL\libpng\pngwrite.c(1867) : note: feeds call on this line
C:\Users\Brian Kirkpatrick\Projects\SDL\libpng\png.c(2163): warning C5045: Compiler will insert Spectre mitigation for memory load if /Qspectre switch specified
  C:\Users\Brian Kirkpatrick\Projects\SDL\libpng\png.c(2134) : note: index '' range checked by comparison on this line
  C:\Users\Brian Kirkpatrick\Projects\SDL\libpng\png.c(2163) : note: feeds call on this line
C:\Users\Brian Kirkpatrick\Projects\SDL\libpng\pngwrite.c(1841): warning C5045: Compiler will insert Spectre mitigation for memory load if /Qspectre switch specified
  C:\Users\Brian Kirkpatrick\Projects\SDL\libpng\pngwrite.c(1811) : note: index 'i' range checked by comparison on this line
  C:\Users\Brian Kirkpatrick\Projects\SDL\libpng\pngwrite.c(1867) : note: feeds call on this line
C:\Users\Brian Kirkpatrick\Projects\SDL\libpng\png.c(2145): warning C5045: Compiler will insert Spectre mitigation for memory load if /Qspectre switch specified
  C:\Users\Brian Kirkpatrick\Projects\SDL\libpng\png.c(2134) : note: index '' range checked by comparison on this line
  C:\Users\Brian Kirkpatrick\Projects\SDL\libpng\png.c(2145) : note: feeds call on this line
C:\Users\Brian Kirkpatrick\Projects\SDL\libpng\pngwrite.c(1862): warning C5045: Compiler will insert Spectre mitigation for memory load if /Qspectre switch specified
  C:\Users\Brian Kirkpatrick\Projects\SDL\libpng\pngwrite.c(1856) : note: index 'channels' range checked by comparison on this line
  C:\Users\Brian Kirkpatrick\Projects\SDL\libpng\pngwrite.c(1862) : note: feeds call on this line
C:\Users\Brian Kirkpatrick\Projects\SDL\libpng\pngrutil.c(2991): warning C5045: Compiler will insert Spectre mitigation for memory load if /Qspectre switch specified
  C:\Users\Brian Kirkpatrick\Projects\SDL\libpng\pngrutil.c(2969) : note: index 'ret' range checked by comparison on this line
  C:\Users\Brian Kirkpatrick\Projects\SDL\libpng\pngrutil.c(2991) : note: feeds call on this line
C:\Users\Brian Kirkpatrick\Projects\SDL\libpng\png.c(2155): warning C5045: Compiler will insert Spectre mitigation for memory load if /Qspectre switch specified
  C:\Users\Brian Kirkpatrick\Projects\SDL\libpng\png.c(2134) : note: index '' range checked by comparison on this line
  C:\Users\Brian Kirkpatrick\Projects\SDL\libpng\png.c(2155) : note: feeds call on this line
C:\Users\Brian Kirkpatrick\Projects\SDL\libpng\pngrutil.c(2970): warning C5045: Compiler will insert Spectre mitigation for memory load if /Qspectre switch specified
  C:\Users\Brian Kirkpatrick\Projects\SDL\libpng\pngrutil.c(2969) : note: index 'ret' range checked by comparison on this line
  C:\Users\Brian Kirkpatrick\Projects\SDL\libpng\pngrutil.c(2970) : note: feeds call on this line
C:\Users\Brian Kirkpatrick\Projects\SDL\libpng\pngwrite.c(1835): warning C5045: Compiler will insert Spectre mitigation for memory load if /Qspectre switch specified
  C:\Users\Brian Kirkpatrick\Projects\SDL\libpng\pngwrite.c(1824) : note: index 'channels' range checked by comparison on this line
  C:\Users\Brian Kirkpatrick\Projects\SDL\libpng\pngwrite.c(1835) : note: feeds memory load on this line
C:\Users\Brian Kirkpatrick\Projects\SDL\libpng\pngwrite.c(67): warning C5045: Compiler will insert Spectre mitigation for memory load if /Qspectre switch specified
  C:\Users\Brian Kirkpatrick\Projects\SDL\libpng\pngwrite.c(34) : note: index 'up' range checked by comparison on this line
  C:\Users\Brian Kirkpatrick\Projects\SDL\libpng\pngwrite.c(67) : note: feeds call on this line
C:\Users\Brian Kirkpatrick\Projects\SDL\libpng\pngwrite.c(1830): warning C5045: Compiler will insert Spectre mitigation for memory load if /Qspectre switch specified
  C:\Users\Brian Kirkpatrick\Projects\SDL\libpng\pngwrite.c(1824) : note: index 'channels' range checked by comparison on this line
  C:\Users\Brian Kirkpatrick\Projects\SDL\libpng\pngwrite.c(1830) : note: feeds memory load on this line
C:\Users\Brian Kirkpatrick\Projects\SDL\libpng\pngrutil.c(2670): warning C5045: Compiler will insert Spectre mitigation for memory load if /Qspectre switch specified
  C:\Users\Brian Kirkpatrick\Projects\SDL\libpng\pngrutil.c(2655) : note: index 'length' range checked by comparison on this line
  C:\Users\Brian Kirkpatrick\Projects\SDL\libpng\pngrutil.c(2670) : note: feeds call on this line
C:\Users\Brian Kirkpatrick\Projects\SDL\libpng\pngrutil.c(2815): warning C5045: Compiler will insert Spectre mitigation for memory load if /Qspectre switch specified
  C:\Users\Brian Kirkpatrick\Projects\SDL\libpng\pngrutil.c(2806) : note: index 'length' range checked by comparison on this line
  C:\Users\Brian Kirkpatrick\Projects\SDL\libpng\pngrutil.c(2815) : note: feeds call on this line
C:\Users\Brian Kirkpatrick\Projects\SDL\libpng\png.c(1996): warning C5045: Compiler will insert Spectre mitigation for memory load if /Qspectre switch specified
  C:\Users\Brian Kirkpatrick\Projects\SDL\libpng\png.c(1994) : note: index 'profile_length' range checked by comparison on this line
  C:\Users\Brian Kirkpatrick\Projects\SDL\libpng\png.c(1996) : note: feeds call on this line
C:\Users\Brian Kirkpatrick\Projects\SDL\libpng\pngrutil.c(1741): warning C5045: Compiler will insert Spectre mitigation for memory load if /Qspectre switch specified
  C:\Users\Brian Kirkpatrick\Projects\SDL\libpng\pngrutil.c(1739) : note: index 'dl' range checked by comparison on this line
  C:\Users\Brian Kirkpatrick\Projects\SDL\libpng\pngrutil.c(1741) : note: feeds call on this line
C:\Users\Brian Kirkpatrick\Projects\SDL\libpng\pngwrite.c(42): warning C5045: Compiler will insert Spectre mitigation for memory load if /Qspectre switch specified
  C:\Users\Brian Kirkpatrick\Projects\SDL\libpng\pngwrite.c(34) : note: index 'up' range checked by comparison on this line
  C:\Users\Brian Kirkpatrick\Projects\SDL\libpng\pngwrite.c(42) : note: feeds call on this line
C:\Users\Brian Kirkpatrick\Projects\SDL\libpng\png.c(2053): warning C5045: Compiler will insert Spectre mitigation for memory load if /Qspectre switch specified
  C:\Users\Brian Kirkpatrick\Projects\SDL\libpng\png.c(2052) : note: index 'temp' range checked by comparison on this line
  C:\Users\Brian Kirkpatrick\Projects\SDL\libpng\png.c(2053) : note: feeds call on this line
C:\Users\Brian Kirkpatrick\Projects\SDL\libpng\png.c(2046): warning C5045: Compiler will insert Spectre mitigation for memory load if /Qspectre switch specified
  C:\Users\Brian Kirkpatrick\Projects\SDL\libpng\png.c(2045) : note: index 'temp' range checked by comparison on this line
  C:\Users\Brian Kirkpatrick\Projects\SDL\libpng\png.c(2046) : note: feeds call on this line
C:\Users\Brian Kirkpatrick\Projects\SDL\libpng\pngrutil.c(2366): warning C5045: Compiler will insert Spectre mitigation for memory load if /Qspectre switch specified
  C:\Users\Brian Kirkpatrick\Projects\SDL\libpng\pngrutil.c(2345) : note: index 'i' range checked by comparison on this line
  C:\Users\Brian Kirkpatrick\Projects\SDL\libpng\pngrutil.c(2366) : note: feeds call on this line
C:\Users\Brian Kirkpatrick\Projects\SDL\libpng\pngrutil.c(2357): warning C5045: Compiler will insert Spectre mitigation for memory load if /Qspectre switch specified
  C:\Users\Brian Kirkpatrick\Projects\SDL\libpng\pngrutil.c(2345) : note: index 'i' range checked by comparison on this line
  C:\Users\Brian Kirkpatrick\Projects\SDL\libpng\pngrutil.c(2357) : note: feeds call on this line
C:\Users\Brian Kirkpatrick\Projects\SDL\libpng\pngrutil.c(2301): warning C5045: Compiler will insert Spectre mitigation for memory load if /Qspectre switch specified
  C:\Users\Brian Kirkpatrick\Projects\SDL\libpng\pngrutil.c(2299) : note: index '' range checked by comparison on this line
  C:\Users\Brian Kirkpatrick\Projects\SDL\libpng\pngrutil.c(2301) : note: feeds call on this line
C:\Users\Brian Kirkpatrick\Projects\SDL\libpng\pngwrite.c(430): warning C5045: Compiler will insert Spectre mitigation for memory load if /Qspectre switch specified
  C:\Users\Brian Kirkpatrick\Projects\SDL\libpng\pngwrite.c(388) : note: index 'i' range checked by comparison on this line
  C:\Users\Brian Kirkpatrick\Projects\SDL\libpng\pngwrite.c(430) : note: feeds call on this line
C:\Users\Brian Kirkpatrick\Projects\SDL\libpng\pngwrite.c(417): warning C5045: Compiler will insert Spectre mitigation for memory load if /Qspectre switch specified
  C:\Users\Brian Kirkpatrick\Projects\SDL\libpng\pngwrite.c(388) : note: index 'i' range checked by comparison on this line
  C:\Users\Brian Kirkpatrick\Projects\SDL\libpng\pngwrite.c(417) : note: feeds call on this line
C:\Users\Brian Kirkpatrick\Projects\SDL\libpng\pngwrite.c(397): warning C5045: Compiler will insert Spectre mitigation for memory load if /Qspectre switch specified
  C:\Users\Brian Kirkpatrick\Projects\SDL\libpng\pngwrite.c(388) : note: index 'i' range checked by comparison on this line
  C:\Users\Brian Kirkpatrick\Projects\SDL\libpng\pngwrite.c(397) : note: feeds call on this line
C:\Users\Brian Kirkpatrick\Projects\SDL\libpng\pngwutil.c(2729): warning C5045: Compiler will insert Spectre mitigation for memory load if /Qspectre switch specified
  C:\Users\Brian Kirkpatrick\Projects\SDL\libpng\pngwutil.c(2727) : note: index 'sum' range checked by comparison on this line
  C:\Users\Brian Kirkpatrick\Projects\SDL\libpng\pngwutil.c(2739) : note: feeds call on this line
C:\Users\Brian Kirkpatrick\Projects\SDL\libpng\pngwutil.c(2704): warning C5045: Compiler will insert Spectre mitigation for memory load if /Qspectre switch specified
  C:\Users\Brian Kirkpatrick\Projects\SDL\libpng\pngwutil.c(2701) : note: index 'sum' range checked by comparison on this line
  C:\Users\Brian Kirkpatrick\Projects\SDL\libpng\pngwutil.c(2739) : note: feeds call on this line
C:\Users\Brian Kirkpatrick\Projects\SDL\libpng\pngwutil.c(2678): warning C5045: Compiler will insert Spectre mitigation for memory load if /Qspectre switch specified
  C:\Users\Brian Kirkpatrick\Projects\SDL\libpng\pngwutil.c(2675) : note: index 'sum' range checked by comparison on this line
  C:\Users\Brian Kirkpatrick\Projects\SDL\libpng\pngwutil.c(2739) : note: feeds call on this line
C:\Users\Brian Kirkpatrick\Projects\SDL\libpng\pngwutil.c(2652): warning C5045: Compiler will insert Spectre mitigation for memory load if /Qspectre switch specified
  C:\Users\Brian Kirkpatrick\Projects\SDL\libpng\pngwutil.c(2649) : note: index 'sum' range checked by comparison on this line
  C:\Users\Brian Kirkpatrick\Projects\SDL\libpng\pngwutil.c(2739) : note: feeds call on this line
C:\Users\Brian Kirkpatrick\Projects\SDL\libpng\pngrtran.c(1716): warning C5045: Compiler will insert Spectre mitigation for memory load if /Qspectre switch specified
  C:\Users\Brian Kirkpatrick\Projects\SDL\libpng\pngrtran.c(1686) : note: index 'i' range checked by comparison on this line
  C:\Users\Brian Kirkpatrick\Projects\SDL\libpng\pngrtran.c(1716) : note: feeds memory load on this line
C:\Users\Brian Kirkpatrick\Projects\SDL\libpng\pngrtran.c(1708): warning C5045: Compiler will insert Spectre mitigation for memory load if /Qspectre switch specified
  C:\Users\Brian Kirkpatrick\Projects\SDL\libpng\pngrtran.c(1688) : note: index 'i' range checked by comparison on this line
  C:\Users\Brian Kirkpatrick\Projects\SDL\libpng\pngrtran.c(1709) : note: feeds memory load on this line
C:\Users\Brian Kirkpatrick\Projects\SDL\libpng\pngrtran.c(1837): warning C5045: Compiler will insert Spectre mitigation for memory load if /Qspectre switch specified
  C:\Users\Brian Kirkpatrick\Projects\SDL\libpng\pngrtran.c(1833) : note: index 'i' range checked by comparison on this line
  C:\Users\Brian Kirkpatrick\Projects\SDL\libpng\pngrtran.c(1837) : note: feeds memory load on this line
C:\Users\Brian Kirkpatrick\Projects\SDL\libpng\pngwrite.c(334): warning C5045: Compiler will insert Spectre mitigation for memory load if /Qspectre switch specified
  C:\Users\Brian Kirkpatrick\Projects\SDL\libpng\pngwrite.c(291) : note: index 'i' range checked by comparison on this line
  C:\Users\Brian Kirkpatrick\Projects\SDL\libpng\pngwrite.c(334) : note: feeds call on this line
C:\Users\Brian Kirkpatrick\Projects\SDL\libpng\pngwrite.c(321): warning C5045: Compiler will insert Spectre mitigation for memory load if /Qspectre switch specified
  C:\Users\Brian Kirkpatrick\Projects\SDL\libpng\pngwrite.c(291) : note: index 'i' range checked by comparison on this line
  C:\Users\Brian Kirkpatrick\Projects\SDL\libpng\pngwrite.c(321) : note: feeds call on this line
C:\Users\Brian Kirkpatrick\Projects\SDL\libpng\pngwrite.c(300): warning C5045: Compiler will insert Spectre mitigation for memory load if /Qspectre switch specified
  C:\Users\Brian Kirkpatrick\Projects\SDL\libpng\pngwrite.c(291) : note: index 'i' range checked by comparison on this line
  C:\Users\Brian Kirkpatrick\Projects\SDL\libpng\pngwrite.c(300) : note: feeds call on this line
C:\Users\Brian Kirkpatrick\Projects\SDL\libpng\pngwrite.c(286): warning C5045: Compiler will insert Spectre mitigation for memory load if /Qspectre switch specified
  C:\Users\Brian Kirkpatrick\Projects\SDL\libpng\pngwrite.c(285) : note: index 'i' range checked by comparison on this line
  C:\Users\Brian Kirkpatrick\Projects\SDL\libpng\pngwrite.c(286) : note: feeds call on this line
C:\Users\Brian Kirkpatrick\Projects\SDL\libpng\pngread.c(753): warning C5045: Compiler will insert Spectre mitigation for memory load if /Qspectre switch specified
  C:\Users\Brian Kirkpatrick\Projects\SDL\libpng\pngread.c(748) : note: index 'pass' range checked by comparison on this line
  C:\Users\Brian Kirkpatrick\Projects\SDL\libpng\pngread.c(753) : note: feeds call on this line
C:\Users\Brian Kirkpatrick\Projects\SDL\libpng\pngrutil.c(1548): warning C5045: Compiler will insert Spectre mitigation for memory load if /Qspectre switch specified
  C:\Users\Brian Kirkpatrick\Projects\SDL\libpng\pngrutil.c(1442) : note: index '' range checked by comparison on this line
  C:\Users\Brian Kirkpatrick\Projects\SDL\libpng\pngrutil.c(1548) : note: feeds call on this line
C:\Users\Brian Kirkpatrick\Projects\SDL\libpng\pngread.c(3329): warning C5045: Compiler will insert Spectre mitigation for memory load if /Qspectre switch specified
  C:\Users\Brian Kirkpatrick\Projects\SDL\libpng\pngread.c(3295) : note: index 'passes' range checked by comparison on this line
  C:\Users\Brian Kirkpatrick\Projects\SDL\libpng\pngread.c(3365) : note: feeds memory load on this line
C:\Users\Brian Kirkpatrick\Projects\SDL\libpng\pngread.c(3356): warning C5045: Compiler will insert Spectre mitigation for memory load if /Qspectre switch specified
  C:\Users\Brian Kirkpatrick\Projects\SDL\libpng\pngread.c(3343) : note: index 'c' range checked by comparison on this line
  C:\Users\Brian Kirkpatrick\Projects\SDL\libpng\pngread.c(3356) : note: feeds memory load on this line
C:\Users\Brian Kirkpatrick\Projects\SDL\libpng\pngwrite.c(621): warning C5045: Compiler will insert Spectre mitigation for memory load if /Qspectre switch specified
  C:\Users\Brian Kirkpatrick\Projects\SDL\libpng\pngwrite.c(616) : note: index 'num_pass' range checked by comparison on this line
  C:\Users\Brian Kirkpatrick\Projects\SDL\libpng\pngwrite.c(621) : note: feeds call on this line
C:\Users\Brian Kirkpatrick\Projects\SDL\libpng\pngread.c(3004): warning C5045: Compiler will insert Spectre mitigation for memory load if /Qspectre switch specified
  C:\Users\Brian Kirkpatrick\Projects\SDL\libpng\pngread.c(3002) : note: index 'y' range checked by comparison on this line
  C:\Users\Brian Kirkpatrick\Projects\SDL\libpng\pngread.c(3113) : note: feeds memory load on this line
C:\Users\Brian Kirkpatrick\Projects\SDL\libpng\pngwrite.c(1723): warning C5045: Compiler will insert Spectre mitigation for memory load if /Qspectre switch specified
  C:\Users\Brian Kirkpatrick\Projects\SDL\libpng\pngwrite.c(1721) : note: index 'row_end' range checked by comparison on this line
  C:\Users\Brian Kirkpatrick\Projects\SDL\libpng\pngwrite.c(1736) : note: feeds call on this line
C:\Users\Brian Kirkpatrick\Projects\SDL\libpng\pngread.c(3527): warning C5045: Compiler will insert Spectre mitigation for memory load if /Qspectre switch specified
  C:\Users\Brian Kirkpatrick\Projects\SDL\libpng\pngread.c(3525) : note: index 'height' range checked by comparison on this line
  C:\Users\Brian Kirkpatrick\Projects\SDL\libpng\pngread.c(3543) : note: feeds memory load on this line
C:\Users\Brian Kirkpatrick\Projects\SDL\libpng\pngread.c(3522): warning C5045: Compiler will insert Spectre mitigation for memory load if /Qspectre switch specified
  C:\Users\Brian Kirkpatrick\Projects\SDL\libpng\pngread.c(3453) : note: index 'passes' range checked by comparison on this line
  C:\Users\Brian Kirkpatrick\Projects\SDL\libpng\pngread.c(3523) : note: feeds memory load on this line
C:\Users\Brian Kirkpatrick\Projects\SDL\libpng\pngread.c(3507): warning C5045: Compiler will insert Spectre mitigation for memory load if /Qspectre switch specified
  C:\Users\Brian Kirkpatrick\Projects\SDL\libpng\pngread.c(3492) : note: index 'outrow' range checked by comparison on this line
  C:\Users\Brian Kirkpatrick\Projects\SDL\libpng\pngread.c(3507) : note: feeds memory load on this line
C:\Users\Brian Kirkpatrick\Projects\SDL\libpng\pngread.c(3482): warning C5045: Compiler will insert Spectre mitigation for memory load if /Qspectre switch specified
  C:\Users\Brian Kirkpatrick\Projects\SDL\libpng\pngread.c(3480) : note: index 'height' range checked by comparison on this line
  C:\Users\Brian Kirkpatrick\Projects\SDL\libpng\pngread.c(3498) : note: feeds memory load on this line
C:\Users\Brian Kirkpatrick\Projects\SDL\libpng\pngread.c(3627): warning C5045: Compiler will insert Spectre mitigation for memory load if /Qspectre switch specified
  C:\Users\Brian Kirkpatrick\Projects\SDL\libpng\pngread.c(3618) : note: index 'height' range checked by comparison on this line
  C:\Users\Brian Kirkpatrick\Projects\SDL\libpng\pngread.c(3635) : note: feeds memory load on this line
C:\Users\Brian Kirkpatrick\Projects\SDL\libpng\pngread.c(3254): warning C5045: Compiler will insert Spectre mitigation for memory load if /Qspectre switch specified
  C:\Users\Brian Kirkpatrick\Projects\SDL\libpng\pngread.c(3247) : note: index 'passes' range checked by comparison on this line
  C:\Users\Brian Kirkpatrick\Projects\SDL\libpng\pngread.c(3254) : note: feeds call on this line
C:\Users\Brian Kirkpatrick\Projects\SDL\libpng\pngread.c(3250): warning C5045: Compiler will insert Spectre mitigation for memory load if /Qspectre switch specified
  C:\Users\Brian Kirkpatrick\Projects\SDL\libpng\pngread.c(3247) : note: index 'passes' range checked by comparison on this line
  C:\Users\Brian Kirkpatrick\Projects\SDL\libpng\pngread.c(3254) : note: feeds call on this line
C:\Users\Brian Kirkpatrick\Projects\SDL\libpng\pngread.c(2931): warning C5045: Compiler will insert Spectre mitigation for memory load if /Qspectre switch specified
  C:\Users\Brian Kirkpatrick\Projects\SDL\libpng\pngread.c(2896) : note: index 'cmap_entries' range checked by comparison on this line
  C:\Users\Brian Kirkpatrick\Projects\SDL\libpng\pngread.c(2931) : note: feeds call on this line
C:\Users\Brian Kirkpatrick\Projects\SDL\libpng\pngread.c(2234): warning C5045: Compiler will insert Spectre mitigation for memory load if /Qspectre switch specified
  C:\Users\Brian Kirkpatrick\Projects\SDL\libpng\pngread.c(2215) : note: index 'i' range checked by comparison on this line
  C:\Users\Brian Kirkpatrick\Projects\SDL\libpng\pngread.c(2234) : note: feeds call on this line
C:\Users\Brian Kirkpatrick\Projects\SDL\libpng\pngread.c(2222): warning C5045: Compiler will insert Spectre mitigation for memory load if /Qspectre switch specified
  C:\Users\Brian Kirkpatrick\Projects\SDL\libpng\pngread.c(2215) : note: index 'i' range checked by comparison on this line
  C:\Users\Brian Kirkpatrick\Projects\SDL\libpng\pngread.c(2222) : note: feeds call on this line
C:\Users\Brian Kirkpatrick\Projects\SDL\libpng\pngread.c(2855): warning C5045: Compiler will insert Spectre mitigation for memory load if /Qspectre switch specified
  C:\Users\Brian Kirkpatrick\Projects\SDL\libpng\pngread.c(2828) : note: index 'i' range checked by comparison on this line
  C:\Users\Brian Kirkpatrick\Projects\SDL\libpng\pngread.c(2855) : note: feeds call on this line
C:\Users\Brian Kirkpatrick\Projects\SDL\libpng\pngread.c(2855): warning C5045: Compiler will insert Spectre mitigation for memory load if /Qspectre switch specified
  C:\Users\Brian Kirkpatrick\Projects\SDL\libpng\pngread.c(2855) : note: index 'i' range checked by comparison on this line
  C:\Users\Brian Kirkpatrick\Projects\SDL\libpng\pngread.c(2855) : note: feeds call on this line
C:\Users\Brian Kirkpatrick\Projects\SDL\libpng\pngread.c(2841): warning C5045: Compiler will insert Spectre mitigation for memory load if /Qspectre switch specified
  C:\Users\Brian Kirkpatrick\Projects\SDL\libpng\pngread.c(2830) : note: index 'i' range checked by comparison on this line
  C:\Users\Brian Kirkpatrick\Projects\SDL\libpng\pngread.c(2841) : note: feeds call on this line
C:\Users\Brian Kirkpatrick\Projects\SDL\libpng\pngread.c(2833): warning C5045: Compiler will insert Spectre mitigation for memory load if /Qspectre switch specified
  C:\Users\Brian Kirkpatrick\Projects\SDL\libpng\pngread.c(2830) : note: index 'i' range checked by comparison on this line
  C:\Users\Brian Kirkpatrick\Projects\SDL\libpng\pngread.c(2833) : note: feeds call on this line
C:\Users\Brian Kirkpatrick\Projects\SDL\libpng\pngread.c(2756): warning C5045: Compiler will insert Spectre mitigation for memory load if /Qspectre switch specified
  C:\Users\Brian Kirkpatrick\Projects\SDL\libpng\pngread.c(2748) : note: index 'r' range checked by comparison on this line
  C:\Users\Brian Kirkpatrick\Projects\SDL\libpng\pngread.c(2756) : note: feeds call on this line
C:\Users\Brian Kirkpatrick\Projects\SDL\libpng\pngread.c(2687): warning C5045: Compiler will insert Spectre mitigation for memory load if /Qspectre switch specified
  C:\Users\Brian Kirkpatrick\Projects\SDL\libpng\pngread.c(2675) : note: index 'r' range checked by comparison on this line
  C:\Users\Brian Kirkpatrick\Projects\SDL\libpng\pngread.c(2687) : note: feeds call on this line
C:\Users\Brian Kirkpatrick\Projects\SDL\libpng\pngread.c(2496): warning C5045: Compiler will insert Spectre mitigation for memory load if /Qspectre switch specified
  C:\Users\Brian Kirkpatrick\Projects\SDL\libpng\pngread.c(2440) : note: index 'i' range checked by comparison on this line
  C:\Users\Brian Kirkpatrick\Projects\SDL\libpng\pngread.c(2496) : note: feeds call on this line
C:\Users\Brian Kirkpatrick\Projects\SDL\libpng\pngread.c(2443): warning C5045: Compiler will insert Spectre mitigation for memory load if /Qspectre switch specified
  C:\Users\Brian Kirkpatrick\Projects\SDL\libpng\pngread.c(2440) : note: index 'i' range checked by comparison on this line
  C:\Users\Brian Kirkpatrick\Projects\SDL\libpng\pngread.c(2443) : note: feeds call on this line
C:\Users\Brian Kirkpatrick\Projects\SDL\libpng\pngread.c(4098): warning C5045: Compiler will insert Spectre mitigation for memory load if /Qspectre switch specified
  C:\Users\Brian Kirkpatrick\Projects\SDL\libpng\pngread.c(4091) : note: index 'passes' range checked by comparison on this line
  C:\Users\Brian Kirkpatrick\Projects\SDL\libpng\pngread.c(4098) : note: feeds call on this line
  All 518 functions were compiled because no usable IPDB/IOBJ from previous compilation was found.
  Finished generating code
  libpng.vcxproj -> C:\Users\Brian Kirkpatrick\Projects\SDL\libpng\projects\vstudio\Debug\libpng16.dll
